0it [00:00, ?it/s]
15193it [00:00, 34079.74it/s]

0it [00:00, ?it/s]
15193it [00:00, 30527.56it/s]

0it [00:00, ?it/s]
30386it [00:00, 143351.70it/s]

C:\Users\wangc\Anaconda3\lib\site-packages\torch\nn\modules\rnn.py:51: UserWarning: dropout option adds dropout after all but last recurrent layer, so non-zero dropout expects num_layers greater than 1, but got dropout=0.2 and num_layers=1
  "num_layers={}".format(dropout, num_layers))
  0%|          | 0/238 [00:00<?, ?it/s]
accuracy: 0.7170, accuracy3: 0.9874, loss: 0.8293 ||: 100%|##########| 238/238 [00:03<00:00, 67.76it/s]

  0%|          | 0/238 [00:00<?, ?it/s]
accuracy: 0.7571, accuracy3: 0.9914, loss: 0.6240 ||: 100%|##########| 238/238 [00:01<00:00, 185.56it/s]

  0%|          | 0/238 [00:00<?, ?it/s]
accuracy: 0.7627, accuracy3: 0.9923, loss: 0.6063 ||: 100%|##########| 238/238 [00:03<00:00, 77.81it/s]

  0%|          | 0/238 [00:00<?, ?it/s]
accuracy: 0.8079, accuracy3: 0.9936, loss: 0.5113 ||: 100%|##########| 238/238 [00:01<00:00, 197.71it/s]

  0%|          | 0/238 [00:00<?, ?it/s]
accuracy: 0.7940, accuracy3: 0.9937, loss: 0.5238 ||: 100%|##########| 238/238 [00:02<00:00, 79.44it/s]

  0%|          | 0/238 [00:00<?, ?it/s]
accuracy: 0.8347, accuracy3: 0.9954, loss: 0.4479 ||: 100%|##########| 238/238 [00:01<00:00, 228.80it/s]

  0%|          | 0/238 [00:00<?, ?it/s]
accuracy: 0.8219, accuracy3: 0.9950, loss: 0.4670 ||: 100%|##########| 238/238 [00:03<00:00, 79.23it/s]

  0%|          | 0/238 [00:00<?, ?it/s]
accuracy: 0.8620, accuracy3: 0.9972, loss: 0.3944 ||: 100%|##########| 238/238 [00:01<00:00, 228.14it/s]

  0%|          | 0/238 [00:00<?, ?it/s]
accuracy: 0.8431, accuracy3: 0.9961, loss: 0.4238 ||: 100%|##########| 238/238 [00:03<00:00, 78.89it/s]

  0%|          | 0/238 [00:00<?, ?it/s]
accuracy: 0.8774, accuracy3: 0.9978, loss: 0.3592 ||: 100%|##########| 238/238 [00:01<00:00, 208.60it/s]

  0%|          | 0/238 [00:00<?, ?it/s]
accuracy: 0.8605, accuracy3: 0.9968, loss: 0.3878 ||: 100%|##########| 238/238 [00:03<00:00, 71.79it/s]

  0%|          | 0/238 [00:00<?, ?it/s]
accuracy: 0.8888, accuracy3: 0.9982, loss: 0.3269 ||: 100%|##########| 238/238 [00:01<00:00, 207.69it/s]

  0%|          | 0/238 [00:00<?, ?it/s]
accuracy: 0.8789, accuracy3: 0.9973, loss: 0.3523 ||: 100%|##########| 238/238 [00:03<00:00, 68.08it/s]

  0%|          | 0/238 [00:00<?, ?it/s]
accuracy: 0.9038, accuracy3: 0.9984, loss: 0.2941 ||: 100%|##########| 238/238 [00:01<00:00, 198.37it/s]

  0%|          | 0/238 [00:00<?, ?it/s]
accuracy: 0.8921, accuracy3: 0.9978, loss: 0.3187 ||: 100%|##########| 238/238 [00:03<00:00, 70.88it/s]

  0%|          | 0/238 [00:00<?, ?it/s]
accuracy: 0.9202, accuracy3: 0.9985, loss: 0.2625 ||: 100%|##########| 238/238 [00:01<00:00, 207.51it/s]

  0%|          | 0/238 [00:00<?, ?it/s]
accuracy: 0.9048, accuracy3: 0.9981, loss: 0.2892 ||: 100%|##########| 238/238 [00:03<00:00, 70.29it/s]

  0%|          | 0/238 [00:00<?, ?it/s]
accuracy: 0.9272, accuracy3: 0.9986, loss: 0.2364 ||: 100%|##########| 238/238 [00:01<00:00, 205.72it/s]

  0%|          | 0/238 [00:00<?, ?it/s]
accuracy: 0.9159, accuracy3: 0.9982, loss: 0.2617 ||: 100%|##########| 238/238 [00:03<00:00, 71.86it/s]

  0%|          | 0/238 [00:00<?, ?it/s]
accuracy: 0.9378, accuracy3: 0.9987, loss: 0.2121 ||: 100%|##########| 238/238 [00:01<00:00, 209.70it/s]

  0%|          | 0/238 [00:00<?, ?it/s]
accuracy: 0.9263, accuracy3: 0.9984, loss: 0.2358 ||: 100%|##########| 238/238 [00:03<00:00, 71.45it/s]

  0%|          | 0/238 [00:00<?, ?it/s]
accuracy: 0.9447, accuracy3: 0.9988, loss: 0.1916 ||: 100%|##########| 238/238 [00:01<00:00, 182.44it/s]

  0%|          | 0/238 [00:00<?, ?it/s]
accuracy: 0.9375, accuracy3: 0.9986, loss: 0.2077 ||: 100%|##########| 238/238 [00:03<00:00, 71.81it/s]

  0%|          | 0/238 [00:00<?, ?it/s]
accuracy: 0.9521, accuracy3: 0.9989, loss: 0.1664 ||: 100%|##########| 238/238 [00:01<00:00, 206.08it/s]

  0%|          | 0/238 [00:00<?, ?it/s]
accuracy: 0.9435, accuracy3: 0.9986, loss: 0.1869 ||: 100%|##########| 238/238 [00:03<00:00, 71.97it/s]

  0%|          | 0/238 [00:00<?, ?it/s]
accuracy: 0.9554, accuracy3: 0.9992, loss: 0.1542 ||: 100%|##########| 238/238 [00:01<00:00, 208.60it/s]

  0%|          | 0/238 [00:00<?, ?it/s]
accuracy: 0.9519, accuracy3: 0.9989, loss: 0.1677 ||: 100%|##########| 238/238 [00:03<00:00, 71.62it/s]

  0%|          | 0/238 [00:00<?, ?it/s]
accuracy: 0.9592, accuracy3: 0.9990, loss: 0.1365 ||: 100%|##########| 238/238 [00:01<00:00, 205.72it/s]

  0%|          | 0/238 [00:00<?, ?it/s]
accuracy: 0.9548, accuracy3: 0.9989, loss: 0.1523 ||: 100%|##########| 238/238 [00:03<00:00, 71.00it/s]

  0%|          | 0/238 [00:00<?, ?it/s]
accuracy: 0.9625, accuracy3: 0.9995, loss: 0.1252 ||: 100%|##########| 238/238 [00:01<00:00, 204.66it/s]

  0%|          | 0/238 [00:00<?, ?it/s]
accuracy: 0.9570, accuracy3: 0.9993, loss: 0.1389 ||: 100%|##########| 238/238 [00:03<00:00, 70.06it/s]

  0%|          | 0/238 [00:00<?, ?it/s]
accuracy: 0.9643, accuracy3: 0.9995, loss: 0.1141 ||: 100%|##########| 238/238 [00:01<00:00, 185.13it/s]

  0%|          | 0/238 [00:00<?, ?it/s]
accuracy: 0.9608, accuracy3: 0.9994, loss: 0.1287 ||: 100%|##########| 238/238 [00:03<00:00, 71.28it/s]

  0%|          | 0/238 [00:00<?, ?it/s]
accuracy: 0.9670, accuracy3: 0.9995, loss: 0.1044 ||: 100%|##########| 238/238 [00:01<00:00, 203.27it/s]

  0%|          | 0/238 [00:00<?, ?it/s]
accuracy: 0.9629, accuracy3: 0.9995, loss: 0.1186 ||: 100%|##########| 238/238 [00:03<00:00, 69.96it/s]

  0%|          | 0/238 [00:00<?, ?it/s]
accuracy: 0.9665, accuracy3: 0.9995, loss: 0.1082 ||: 100%|##########| 238/238 [00:01<00:00, 205.72it/s]

  0%|          | 0/238 [00:00<?, ?it/s]
accuracy: 0.9655, accuracy3: 0.9995, loss: 0.1093 ||: 100%|##########| 238/238 [00:03<00:00, 68.93it/s]

  0%|          | 0/238 [00:00<?, ?it/s]
accuracy: 0.9707, accuracy3: 0.9995, loss: 0.0894 ||: 100%|##########| 238/238 [00:01<00:00, 202.06it/s]

  0%|          | 0/238 [00:00<?, ?it/s]
accuracy: 0.9681, accuracy3: 0.9993, loss: 0.1008 ||: 100%|##########| 238/238 [00:03<00:00, 69.70it/s]

  0%|          | 0/238 [00:00<?, ?it/s]
accuracy: 0.9731, accuracy3: 0.9996, loss: 0.0816 ||: 100%|##########| 238/238 [00:01<00:00, 178.75it/s]

